2025-03-21 01:35:24.217 [info] [main] Log level: Info
2025-03-21 01:35:24.217 [info] [main] Validating found git in: "git"
2025-03-21 01:35:24.217 [info] [main] Using git "2.49.0" from "git"
2025-03-21 01:35:24.217 [info] [Model][doInitialScan] Initial repository scan started
2025-03-21 01:35:24.217 [info] > git rev-parse --show-toplevel [29ms]
2025-03-21 01:35:24.239 [info] > git rev-parse --git-dir --git-common-dir [6ms]
2025-03-21 01:35:24.289 [info] [Model][openRepository] Opened repository: /media/mufid/DATA/Refactory/git_flow/refactory_raiden_project
2025-03-21 01:35:24.334 [info] > git config --get commit.template [16ms]
2025-03-21 01:35:24.512 [info] > git for-each-ref --format=%(refname)%00%(upstream:short)%00%(objectname)%00%(upstream:track)%00%(upstream:remotename)%00%(upstream:remoteref) refs/heads/develop refs/remotes/develop [140ms]
2025-03-21 01:35:24.632 [info] > git status -z -uall [25ms]
2025-03-21 01:35:24.637 [info] > git rev-parse --show-toplevel [46ms]
2025-03-21 01:35:24.652 [info] > git for-each-ref --sort -committerdate --format %(refname) %(objectname) %(*objectname) [28ms]
2025-03-21 01:35:24.747 [info] > git for-each-ref --format=%(refname)%00%(upstream:short)%00%(objectname)%00%(upstream:track)%00%(upstream:remotename)%00%(upstream:remoteref) refs/heads/develop refs/remotes/develop [21ms]
2025-03-21 01:35:24.763 [info] > git rev-parse --show-toplevel [112ms]
2025-03-21 01:35:24.863 [info] > git config --get --local branch.develop.vscode-merge-base [101ms]
2025-03-21 01:35:24.864 [warning] [Git][config] git config failed: Failed to execute git
2025-03-21 01:35:24.884 [info] > git config --get commit.template [141ms]
2025-03-21 01:35:24.898 [info] > git rev-parse --show-toplevel [42ms]
2025-03-21 01:35:24.962 [info] > git check-ignore -v -z --stdin [39ms]
2025-03-21 01:35:24.966 [info] > git reflog develop --grep-reflog=branch: Created from *. [81ms]
2025-03-21 01:35:24.996 [info] > git rev-parse --show-toplevel [37ms]
2025-03-21 01:35:25.006 [info] > git for-each-ref --format=%(refname)%00%(upstream:short)%00%(objectname)%00%(upstream:track)%00%(upstream:remotename)%00%(upstream:remoteref) refs/heads/develop refs/remotes/develop [65ms]
2025-03-21 01:35:25.027 [info] > git for-each-ref --format=%(refname)%00%(upstream:short)%00%(objectname)%00%(upstream:track)%00%(upstream:remotename)%00%(upstream:remoteref) refs/heads/main refs/remotes/main [44ms]
2025-03-21 01:35:25.052 [info] > git rev-parse --show-toplevel [27ms]
2025-03-21 01:35:25.069 [info] > git for-each-ref --format=%(refname)%00%(upstream:short)%00%(objectname)%00%(upstream:track)%00%(upstream:remotename)%00%(upstream:remoteref) refs/remotes/origin/main [22ms]
2025-03-21 01:35:25.132 [info] > git status -z -uall [20ms]
2025-03-21 01:35:25.132 [info] > git rev-parse --show-toplevel [66ms]
2025-03-21 01:35:25.139 [info] > git config --add --local branch.develop.vscode-merge-base origin/main [49ms]
2025-03-21 01:35:25.143 [info] > git for-each-ref --sort -committerdate --format %(refname) %(objectname) %(*objectname) [13ms] (cancelled)
2025-03-21 01:35:25.241 [info] > git for-each-ref --format=%(refname)%00%(upstream:short)%00%(objectname)%00%(upstream:track)%00%(upstream:remotename)%00%(upstream:remoteref) refs/heads/develop refs/remotes/develop [70ms]
2025-03-21 01:35:25.296 [info] > git config --get --local branch.develop.vscode-merge-base [28ms]
2025-03-21 01:35:25.382 [info] > git config --get commit.template [151ms]
2025-03-21 01:35:25.385 [info] > git rev-parse --show-toplevel [171ms]
2025-03-21 01:35:25.444 [info] > git for-each-ref --format=%(refname)%00%(upstream:short)%00%(objectname)%00%(upstream:track)%00%(upstream:remotename)%00%(upstream:remoteref) refs/heads/origin/main refs/remotes/origin/main [62ms]
2025-03-21 01:35:25.505 [info] > git merge-base refs/heads/develop refs/remotes/origin/develop [37ms]
2025-03-21 01:35:25.535 [info] > git rev-parse --show-toplevel [94ms]
2025-03-21 01:35:25.561 [info] > git diff --name-status -z --diff-filter=ADMR 62bbbf266d710b9eaa7c1a575fc43cd595bb07d2...refs/remotes/origin/develop [26ms]
2025-03-21 01:35:25.569 [info] > git for-each-ref --format=%(refname)%00%(upstream:short)%00%(objectname)%00%(upstream:track)%00%(upstream:remotename)%00%(upstream:remoteref) refs/heads/develop refs/remotes/develop [66ms]
2025-03-21 01:35:25.571 [info] > git rev-parse --show-toplevel [12ms]
2025-03-21 01:35:25.641 [info] > git status -z -uall [30ms]
2025-03-21 01:35:25.648 [info] > git rev-parse --show-toplevel [59ms]
2025-03-21 01:35:25.652 [info] > git for-each-ref --sort -committerdate --format %(refname) %(objectname) %(*objectname) [14ms]
2025-03-21 01:35:25.718 [info] > git rev-parse --show-toplevel [11ms]
2025-03-21 01:35:25.740 [info] > git rev-parse --show-toplevel [4ms]
2025-03-21 01:35:25.796 [info] > git rev-parse --show-toplevel [43ms]
2025-03-21 01:35:25.820 [info] > git rev-parse --show-toplevel [6ms]
2025-03-21 01:35:25.841 [info] > git rev-parse --show-toplevel [4ms]
2025-03-21 01:35:25.858 [info] > git rev-parse --show-toplevel [2ms]
2025-03-21 01:35:25.878 [info] > git rev-parse --show-toplevel [5ms]
2025-03-21 01:35:25.892 [info] > git rev-parse --show-toplevel [3ms]
2025-03-21 01:35:25.905 [info] > git rev-parse --show-toplevel [2ms]
2025-03-21 01:35:25.914 [info] [Model][doInitialScan] Initial repository scan completed - repositories (1), closed repositories (0), parent repositories (0), unsafe repositories (0)
2025-03-21 01:35:27.442 [info] > git config --get commit.template [3ms]
2025-03-21 01:35:27.457 [info] > git for-each-ref --format=%(refname)%00%(upstream:short)%00%(objectname)%00%(upstream:track)%00%(upstream:remotename)%00%(upstream:remoteref) refs/heads/develop refs/remotes/develop [3ms]
2025-03-21 01:35:27.495 [info] > git status -z -uall [22ms]
2025-03-21 01:35:27.498 [info] > git for-each-ref --sort -committerdate --format %(refname) %(objectname) %(*objectname) [7ms]
2025-03-21 01:35:29.992 [info] > git check-ignore -v -z --stdin [3ms]
2025-03-21 01:35:32.554 [info] > git config --get commit.template [17ms]
2025-03-21 01:35:32.556 [info] > git for-each-ref --format=%(refname)%00%(upstream:short)%00%(objectname)%00%(upstream:track)%00%(upstream:remotename)%00%(upstream:remoteref) refs/heads/develop refs/remotes/develop [3ms]
2025-03-21 01:35:32.587 [info] > git status -z -uall [17ms]
2025-03-21 01:35:32.591 [info] > git for-each-ref --sort -committerdate --format %(refname) %(objectname) %(*objectname) [7ms]
2025-03-21 01:35:32.647 [info] > git check-ignore -v -z --stdin [6ms]
2025-03-21 01:35:37.642 [info] > git for-each-ref --format=%(refname)%00%(upstream:short)%00%(objectname)%00%(upstream:track)%00%(upstream:remotename)%00%(upstream:remoteref) refs/heads/develop refs/remotes/develop [5ms]
2025-03-21 01:35:37.645 [info] > git config --get commit.template [20ms]
2025-03-21 01:35:37.683 [info] > git status -z -uall [23ms]
2025-03-21 01:35:37.695 [info] > git for-each-ref --sort -committerdate --format %(refname) %(objectname) %(*objectname) [15ms]
2025-03-21 01:35:41.660 [info] > git show --textconv :.releaserc [33ms]
2025-03-21 01:35:41.896 [info] > git hash-object -t tree /dev/null [141ms]
2025-03-21 01:35:41.904 [warning] [GitFileSystemProvider][readFile] File not found - git:/media/mufid/DATA/Refactory/git_flow/refactory_raiden_project/.releaserc.git?%7B%22path%22%3A%22%2Fmedia%2Fmufid%2FDATA%2FRefactory%2Fgit_flow%2Frefactory_raiden_project%2F.releaserc%22%2C%22ref%22%3A%22%22%7D
2025-03-21 01:35:41.915 [info] > git ls-files --stage -- .releaserc [256ms]
2025-03-21 01:35:41.919 [warning] [GitFileSystemProvider][stat] File not found - git:/media/mufid/DATA/Refactory/git_flow/refactory_raiden_project/.releaserc.git?%7B%22path%22%3A%22%2Fmedia%2Fmufid%2FDATA%2FRefactory%2Fgit_flow%2Frefactory_raiden_project%2F.releaserc%22%2C%22ref%22%3A%22%22%7D
2025-03-21 01:35:41.924 [info] > git check-ignore -v -z --stdin [37ms]
2025-03-21 01:35:42.754 [info] > git config --get commit.template [22ms]
2025-03-21 01:35:42.759 [info] > git for-each-ref --format=%(refname)%00%(upstream:short)%00%(objectname)%00%(upstream:track)%00%(upstream:remotename)%00%(upstream:remoteref) refs/heads/develop refs/remotes/develop [6ms]
2025-03-21 01:35:42.805 [info] > git status -z -uall [30ms]
2025-03-21 01:35:42.813 [info] > git for-each-ref --sort -committerdate --format %(refname) %(objectname) %(*objectname) [10ms]
2025-03-21 01:35:58.929 [info] > git config --get commit.template [5ms]
2025-03-21 01:35:59.009 [info] > git for-each-ref --format=%(refname)%00%(upstream:short)%00%(objectname)%00%(upstream:track)%00%(upstream:remotename)%00%(upstream:remoteref) refs/heads/develop refs/remotes/develop [12ms]
2025-03-21 01:35:59.079 [info] > git status -z -uall [41ms]
2025-03-21 01:35:59.079 [info] > git for-each-ref --sort -committerdate --format %(refname) %(objectname) %(*objectname) [19ms]
2025-03-21 01:36:04.209 [info] > git config --get commit.template [45ms]
2025-03-21 01:36:04.226 [info] > git for-each-ref --format=%(refname)%00%(upstream:short)%00%(objectname)%00%(upstream:track)%00%(upstream:remotename)%00%(upstream:remoteref) refs/heads/develop refs/remotes/develop [25ms]
2025-03-21 01:36:04.309 [info] > git status -z -uall [50ms]
2025-03-21 01:36:04.429 [info] > git for-each-ref --sort -committerdate --format %(refname) %(objectname) %(*objectname) [128ms]
2025-03-21 01:36:09.556 [info] > git config --get commit.template [11ms]
2025-03-21 01:36:09.558 [info] > git for-each-ref --format=%(refname)%00%(upstream:short)%00%(objectname)%00%(upstream:track)%00%(upstream:remotename)%00%(upstream:remoteref) refs/heads/develop refs/remotes/develop [4ms]
2025-03-21 01:36:09.584 [info] > git status -z -uall [16ms]
2025-03-21 01:36:09.586 [info] > git for-each-ref --sort -committerdate --format %(refname) %(objectname) %(*objectname) [6ms]
2025-03-21 01:36:15.420 [info] > git config --get commit.template [4ms]
2025-03-21 01:36:15.433 [info] > git for-each-ref --format=%(refname)%00%(upstream:short)%00%(objectname)%00%(upstream:track)%00%(upstream:remotename)%00%(upstream:remoteref) refs/heads/develop refs/remotes/develop [3ms]
2025-03-21 01:36:15.459 [info] > git status -z -uall [15ms]
2025-03-21 01:36:15.462 [info] > git for-each-ref --sort -committerdate --format %(refname) %(objectname) %(*objectname) [4ms]
2025-03-21 01:36:23.475 [info] > git config --get commit.template [13ms]
2025-03-21 01:36:23.478 [info] > git for-each-ref --format=%(refname)%00%(upstream:short)%00%(objectname)%00%(upstream:track)%00%(upstream:remotename)%00%(upstream:remoteref) refs/heads/develop refs/remotes/develop [4ms]
2025-03-21 01:36:23.502 [info] > git status -z -uall [14ms]
2025-03-21 01:36:23.507 [info] > git for-each-ref --sort -committerdate --format %(refname) %(objectname) %(*objectname) [7ms]
2025-03-21 01:36:41.661 [info] > git config --get commit.template [5ms]
2025-03-21 01:36:41.690 [info] > git for-each-ref --format=%(refname)%00%(upstream:short)%00%(objectname)%00%(upstream:track)%00%(upstream:remotename)%00%(upstream:remoteref) refs/heads/develop refs/remotes/develop [6ms]
2025-03-21 01:36:41.760 [info] > git status -z -uall [41ms]
2025-03-21 01:36:41.773 [info] > git for-each-ref --sort -committerdate --format %(refname) %(objectname) %(*objectname) [17ms]
2025-03-21 01:36:52.101 [info] > git config --get commit.template [15ms]
2025-03-21 01:36:52.103 [info] > git for-each-ref --format=%(refname)%00%(upstream:short)%00%(objectname)%00%(upstream:track)%00%(upstream:remotename)%00%(upstream:remoteref) refs/heads/develop refs/remotes/develop [2ms]
2025-03-21 01:36:52.138 [info] > git status -z -uall [17ms]
2025-03-21 01:36:52.139 [info] > git for-each-ref --sort -committerdate --format %(refname) %(objectname) %(*objectname) [5ms]
2025-03-21 01:37:03.111 [info] > git config --get commit.template [22ms]
2025-03-21 01:37:03.152 [info] > git for-each-ref --format=%(refname)%00%(upstream:short)%00%(objectname)%00%(upstream:track)%00%(upstream:remotename)%00%(upstream:remoteref) refs/heads/develop refs/remotes/develop [7ms]
2025-03-21 01:37:03.207 [info] > git for-each-ref --sort -committerdate --format %(refname) %(objectname) %(*objectname) [15ms]
2025-03-21 01:37:03.218 [info] > git status -z -uall [48ms]
2025-03-21 01:37:16.858 [info] > git check-ignore -v -z --stdin [3ms]
2025-03-21 01:37:19.722 [info] > git config --get commit.template [31ms]
2025-03-21 01:37:19.731 [info] > git for-each-ref --format=%(refname)%00%(upstream:short)%00%(objectname)%00%(upstream:track)%00%(upstream:remotename)%00%(upstream:remoteref) refs/heads/develop refs/remotes/develop [10ms]
2025-03-21 01:37:19.769 [info] > git status -z -uall [21ms]
2025-03-21 01:37:19.774 [info] > git for-each-ref --sort -committerdate --format %(refname) %(objectname) %(*objectname) [6ms]
2025-03-21 01:37:36.704 [info] > git show --textconv :.github/token [77ms]
2025-03-21 01:37:36.706 [warning] [GitFileSystemProvider][readFile] File not found - git:/media/mufid/DATA/Refactory/git_flow/refactory_raiden_project/.github/token.git?%7B%22path%22%3A%22%2Fmedia%2Fmufid%2FDATA%2FRefactory%2Fgit_flow%2Frefactory_raiden_project%2F.github%2Ftoken%22%2C%22ref%22%3A%22%22%7D
2025-03-21 01:37:36.709 [info] > git ls-files --stage -- .github/token [10ms]
2025-03-21 01:37:36.710 [warning] [GitFileSystemProvider][stat] File not found - git:/media/mufid/DATA/Refactory/git_flow/refactory_raiden_project/.github/token.git?%7B%22path%22%3A%22%2Fmedia%2Fmufid%2FDATA%2FRefactory%2Fgit_flow%2Frefactory_raiden_project%2F.github%2Ftoken%22%2C%22ref%22%3A%22%22%7D
2025-03-21 01:37:36.741 [info] > git check-ignore -v -z --stdin [13ms]
2025-03-21 01:37:37.897 [info] > git config --get commit.template [19ms]
2025-03-21 01:37:37.898 [info] > git for-each-ref --format=%(refname)%00%(upstream:short)%00%(objectname)%00%(upstream:track)%00%(upstream:remotename)%00%(upstream:remoteref) refs/heads/develop refs/remotes/develop [2ms]
2025-03-21 01:37:37.937 [info] > git status -z -uall [24ms]
2025-03-21 01:37:37.941 [info] > git for-each-ref --sort -committerdate --format %(refname) %(objectname) %(*objectname) [9ms]
2025-03-21 01:38:00.224 [info] > git config --get commit.template [25ms]
2025-03-21 01:38:00.233 [info] > git for-each-ref --format=%(refname)%00%(upstream:short)%00%(objectname)%00%(upstream:track)%00%(upstream:remotename)%00%(upstream:remoteref) refs/heads/develop refs/remotes/develop [13ms]
2025-03-21 01:38:00.432 [info] > git status -z -uall [141ms]
2025-03-21 01:38:00.452 [info] > git for-each-ref --sort -committerdate --format %(refname) %(objectname) %(*objectname) [45ms]
2025-03-21 01:38:07.520 [info] > git config --get commit.template [20ms]
2025-03-21 01:38:07.577 [info] > git for-each-ref --format=%(refname)%00%(upstream:short)%00%(objectname)%00%(upstream:track)%00%(upstream:remotename)%00%(upstream:remoteref) refs/heads/develop refs/remotes/develop [20ms]
2025-03-21 01:38:07.751 [info] > git status -z -uall [118ms]
2025-03-21 01:38:08.657 [info] > git for-each-ref --sort -committerdate --format %(refname) %(objectname) %(*objectname) [935ms]
2025-03-21 01:38:13.729 [info] > git config --get commit.template [1ms]
2025-03-21 01:38:13.751 [info] > git for-each-ref --format=%(refname)%00%(upstream:short)%00%(objectname)%00%(upstream:track)%00%(upstream:remotename)%00%(upstream:remoteref) refs/heads/develop refs/remotes/develop [4ms]
2025-03-21 01:38:13.811 [info] > git status -z -uall [35ms]
2025-03-21 01:38:13.817 [info] > git for-each-ref --sort -committerdate --format %(refname) %(objectname) %(*objectname) [8ms]
2025-03-21 01:38:18.879 [info] > git config --get commit.template [14ms]
2025-03-21 01:38:18.881 [info] > git for-each-ref --format=%(refname)%00%(upstream:short)%00%(objectname)%00%(upstream:track)%00%(upstream:remotename)%00%(upstream:remoteref) refs/heads/develop refs/remotes/develop [4ms]
2025-03-21 01:38:18.908 [info] > git status -z -uall [16ms]
2025-03-21 01:38:18.913 [info] > git for-each-ref --sort -committerdate --format %(refname) %(objectname) %(*objectname) [7ms]
2025-03-21 01:38:41.522 [info] > git show --textconv :.github/workflows/release.yml [356ms]
2025-03-21 01:38:41.528 [info] > git check-ignore -v -z --stdin [171ms]
2025-03-21 01:38:41.549 [warning] [GitFileSystemProvider][readFile] File not found - git:/media/mufid/DATA/Refactory/git_flow/refactory_raiden_project/.github/workflows/release.yml.git?%7B%22path%22%3A%22%2Fmedia%2Fmufid%2FDATA%2FRefactory%2Fgit_flow%2Frefactory_raiden_project%2F.github%2Fworkflows%2Frelease.yml%22%2C%22ref%22%3A%22%22%7D
2025-03-21 01:38:41.626 [info] > git ls-files --stage -- .github/workflows/release.yml [111ms]
2025-03-21 01:38:41.628 [warning] [GitFileSystemProvider][stat] File not found - git:/media/mufid/DATA/Refactory/git_flow/refactory_raiden_project/.github/workflows/release.yml.git?%7B%22path%22%3A%22%2Fmedia%2Fmufid%2FDATA%2FRefactory%2Fgit_flow%2Frefactory_raiden_project%2F.github%2Fworkflows%2Frelease.yml%22%2C%22ref%22%3A%22%22%7D
2025-03-21 01:38:42.627 [info] > git config --get commit.template [3ms]
2025-03-21 01:38:42.647 [info] > git for-each-ref --format=%(refname)%00%(upstream:short)%00%(objectname)%00%(upstream:track)%00%(upstream:remotename)%00%(upstream:remoteref) refs/heads/develop refs/remotes/develop [6ms]
2025-03-21 01:38:42.696 [info] > git status -z -uall [33ms]
2025-03-21 01:38:42.697 [info] > git for-each-ref --sort -committerdate --format %(refname) %(objectname) %(*objectname) [7ms]
2025-03-21 01:38:53.669 [info] > git config --get commit.template [33ms]
2025-03-21 01:38:53.681 [info] > git for-each-ref --format=%(refname)%00%(upstream:short)%00%(objectname)%00%(upstream:track)%00%(upstream:remotename)%00%(upstream:remoteref) refs/heads/develop refs/remotes/develop [14ms]
2025-03-21 01:38:53.772 [info] > git status -z -uall [44ms]
2025-03-21 01:38:53.786 [info] > git for-each-ref --sort -committerdate --format %(refname) %(objectname) %(*objectname) [23ms]
2025-03-21 01:39:02.990 [info] > git config --get commit.template [75ms]
2025-03-21 01:39:03.102 [info] > git for-each-ref --format=%(refname)%00%(upstream:short)%00%(objectname)%00%(upstream:track)%00%(upstream:remotename)%00%(upstream:remoteref) refs/heads/develop refs/remotes/develop [29ms]
2025-03-21 01:39:03.721 [info] > git status -z -uall [449ms]
2025-03-21 01:39:03.727 [info] > git for-each-ref --sort -committerdate --format %(refname) %(objectname) %(*objectname) [365ms]
2025-03-21 01:39:08.781 [info] > git config --get commit.template [17ms]
2025-03-21 01:39:08.783 [info] > git for-each-ref --format=%(refname)%00%(upstream:short)%00%(objectname)%00%(upstream:track)%00%(upstream:remotename)%00%(upstream:remoteref) refs/heads/develop refs/remotes/develop [4ms]
2025-03-21 01:39:08.809 [info] > git status -z -uall [14ms]
2025-03-21 01:39:08.813 [info] > git for-each-ref --sort -committerdate --format %(refname) %(objectname) %(*objectname) [6ms]
2025-03-21 01:39:13.855 [info] > git config --get commit.template [14ms]
2025-03-21 01:39:13.858 [info] > git for-each-ref --format=%(refname)%00%(upstream:short)%00%(objectname)%00%(upstream:track)%00%(upstream:remotename)%00%(upstream:remoteref) refs/heads/develop refs/remotes/develop [4ms]
2025-03-21 01:39:13.884 [info] > git status -z -uall [14ms]
2025-03-21 01:39:13.888 [info] > git for-each-ref --sort -committerdate --format %(refname) %(objectname) %(*objectname) [4ms]
2025-03-21 01:39:18.918 [info] > git config --get commit.template [4ms]
2025-03-21 01:39:18.934 [info] > git for-each-ref --format=%(refname)%00%(upstream:short)%00%(objectname)%00%(upstream:track)%00%(upstream:remotename)%00%(upstream:remoteref) refs/heads/develop refs/remotes/develop [6ms]
2025-03-21 01:39:18.960 [info] > git status -z -uall [15ms]
2025-03-21 01:39:18.966 [info] > git for-each-ref --sort -committerdate --format %(refname) %(objectname) %(*objectname) [7ms]
2025-03-21 01:39:24.011 [info] > git config --get commit.template [14ms]
2025-03-21 01:39:24.014 [info] > git for-each-ref --format=%(refname)%00%(upstream:short)%00%(objectname)%00%(upstream:track)%00%(upstream:remotename)%00%(upstream:remoteref) refs/heads/develop refs/remotes/develop [6ms]
2025-03-21 01:39:24.040 [info] > git status -z -uall [15ms]
2025-03-21 01:39:24.049 [info] > git for-each-ref --sort -committerdate --format %(refname) %(objectname) %(*objectname) [10ms]
2025-03-21 01:39:29.095 [info] > git config --get commit.template [16ms]
2025-03-21 01:39:29.097 [info] > git for-each-ref --format=%(refname)%00%(upstream:short)%00%(objectname)%00%(upstream:track)%00%(upstream:remotename)%00%(upstream:remoteref) refs/heads/develop refs/remotes/develop [4ms]
2025-03-21 01:39:29.127 [info] > git status -z -uall [17ms]
2025-03-21 01:39:29.131 [info] > git for-each-ref --sort -committerdate --format %(refname) %(objectname) %(*objectname) [5ms]
2025-03-21 01:39:51.089 [info] > git config --get commit.template [52ms]
2025-03-21 01:39:51.090 [info] > git for-each-ref --format=%(refname)%00%(upstream:short)%00%(objectname)%00%(upstream:track)%00%(upstream:remotename)%00%(upstream:remoteref) refs/heads/develop refs/remotes/develop [12ms]
2025-03-21 01:39:51.156 [info] > git status -z -uall [42ms]
2025-03-21 01:39:51.183 [info] > git for-each-ref --sort -committerdate --format %(refname) %(objectname) %(*objectname) [32ms]
