2025-03-21 01:34:55.816 [info] Reading sessions from keychain...
2025-03-21 01:34:55.816 [info] Getting sessions for all scopes...
2025-03-21 01:34:55.816 [info] Getting sessions for all scopes...
2025-03-21 01:34:55.816 [info] Getting sessions for all scopes...
2025-03-21 01:34:55.816 [info] Got 0 sessions for ...
2025-03-21 01:34:55.817 [info] Got 0 sessions for ...
2025-03-21 01:34:55.817 [info] Got 0 sessions for ...
2025-03-21 01:34:55.817 [info] Getting sessions for all scopes...
2025-03-21 01:34:55.817 [info] Got 0 sessions for ...
2025-03-21 01:34:55.817 [info] Getting sessions for all scopes...
2025-03-21 01:34:55.817 [info] Got 0 sessions for ...
2025-03-21 01:34:55.817 [info] Getting sessions for all scopes...
2025-03-21 01:34:55.817 [info] Got 0 sessions for ...
2025-03-21 01:34:55.817 [info] Getting sessions for all scopes...
2025-03-21 01:34:55.817 [info] Got 0 sessions for ...
2025-03-21 01:34:55.817 [info] Getting sessions for all scopes...
2025-03-21 01:34:55.817 [info] Got 0 sessions for ...
2025-03-21 01:35:20.409 [info] Reading sessions from keychain...
2025-03-21 01:35:20.410 [info] Getting sessions for all scopes...
2025-03-21 01:35:20.410 [info] Getting sessions for all scopes...
2025-03-21 01:35:20.411 [info] Getting sessions for all scopes...
2025-03-21 01:35:20.412 [info] Got 0 sessions for ...
2025-03-21 01:35:20.413 [info] Got 0 sessions for ...
2025-03-21 01:35:20.414 [info] Got 0 sessions for ...
2025-03-21 01:35:20.415 [info] Getting sessions for all scopes...
2025-03-21 01:35:20.415 [info] Got 0 sessions for ...
2025-03-21 01:35:20.415 [info] Getting sessions for all scopes...
2025-03-21 01:35:20.415 [info] Got 0 sessions for ...
2025-03-21 01:35:20.415 [info] Getting sessions for all scopes...
2025-03-21 01:35:20.415 [info] Got 0 sessions for ...
2025-03-21 01:35:20.415 [info] Getting sessions for all scopes...
2025-03-21 01:35:20.415 [info] Got 0 sessions for ...
2025-03-21 01:35:20.415 [info] Getting sessions for all scopes...
2025-03-21 01:35:20.415 [info] Got 0 sessions for ...
2025-03-21 01:35:24.925 [info] Getting sessions for read:user,repo,user:email,workflow...
2025-03-21 01:35:24.925 [info] Got 0 sessions for read:user,repo,user:email,workflow...
2025-03-21 01:39:02.991 [info] Getting sessions for repo,workflow...
2025-03-21 01:39:02.992 [info] Got 0 sessions for repo,workflow...
2025-03-21 01:39:03.789 [info] Getting sessions for repo,workflow...
2025-03-21 01:39:03.789 [info] Got 0 sessions for repo,workflow...
2025-03-21 01:39:03.810 [info] Getting sessions for repo,workflow...
2025-03-21 01:39:03.810 [info] Got 0 sessions for repo,workflow...
2025-03-21 01:39:03.814 [info] Getting sessions for repo,workflow...
2025-03-21 01:39:03.814 [info] Got 0 sessions for repo,workflow...
